0 verbose cli /apex/com.android.runtime/bin/linker64 /data/data/com.termux/files/usr/bin/npm
1 info using npm@10.8.1
2 info using node@v22.4.1
3 silly config load:file:/data/data/com.termux/files/usr/lib/node_modules/npm/npmrc
4 silly config load:file:/data/data/com.termux/files/home/.npmrc
5 silly config load:file:/data/data/com.termux/files/usr/etc/npmrc
6 verbose title npm outdated
7 verbose argv "outdated"
8 verbose logfile logs-max:10 dir:/data/data/com.termux/files/home/.npm/_logs/2024-07-25T20_58_20_673Z-
9 verbose logfile /data/data/com.termux/files/home/.npm/_logs/2024-07-25T20_58_20_673Z-debug-0.log
10 silly packumentCache heap:1098907648 maxSize:274726912 maxEntrySize:137363456
11 silly logfile start cleaning logs, removing 1 files
12 silly logfile done cleaning log files
13 http fetch GET 200 https://registry.npmjs.org/cors 1120ms (cache miss)
14 http fetch GET 200 https://registry.npmjs.org/express 1138ms (cache miss)
15 http fetch GET 200 https://registry.npmjs.org/firebase-admin 2206ms (cache miss)
16 http fetch GET 200 https://registry.npmjs.org/faunadb 3184ms (cache miss)
17 verbose cwd /data/data/com.termux/files/home
18 verbose os Linux 4.19.191-g35c8106c5598-dirty
19 verbose node v22.4.1
20 verbose npm  v10.8.1
21 verbose exit 0
22 info ok
