0 verbose cli /apex/com.android.runtime/bin/linker64 /data/data/com.termux/files/usr/bin/npm
1 info using npm@10.8.1
2 info using node@v22.4.1
3 silly config load:file:/data/data/com.termux/files/usr/lib/node_modules/npm/npmrc
4 silly config load:file:/data/data/com.termux/files/home/.npmrc
5 silly config load:file:/data/data/com.termux/files/usr/etc/npmrc
6 verbose title npm install express firebase-admin
7 verbose argv "install" "express" "firebase-admin"
8 verbose logfile logs-max:10 dir:/data/data/com.termux/files/home/.npm/_logs/2024-07-25T20_45_37_608Z-
9 verbose logfile /data/data/com.termux/files/home/.npm/_logs/2024-07-25T20_45_37_608Z-debug-0.log
10 silly packumentCache heap:1098907648 maxSize:274726912 maxEntrySize:137363456
11 silly logfile start cleaning logs, removing 1 files
12 silly logfile done cleaning log files
13 silly idealTree buildDeps
14 silly fetch manifest express@^4.19.2
15 silly packumentCache full:https://registry.npmjs.org/express cache-miss
16 http fetch GET 200 https://registry.npmjs.org/express 6726ms (cache revalidated)
17 silly packumentCache full:https://registry.npmjs.org/express set size:772077 disposed:false
18 silly fetch manifest firebase-admin@^12.3.0
19 silly packumentCache full:https://registry.npmjs.org/firebase-admin cache-miss
20 http fetch GET 200 https://registry.npmjs.org/firebase-admin 1160ms (cache revalidated)
21 silly packumentCache full:https://registry.npmjs.org/firebase-admin set size:610456 disposed:false
22 silly placeDep ROOT express@4.19.2 REPLACE for: home@1.0.0 want: ^4.19.2
23 silly placeDep ROOT firebase-admin@12.3.0 REPLACE for: home@1.0.0 want: ^12.3.0
24 silly reify moves {}
25 silly audit bulk request {
25 silly audit   '@fastify/busboy': [ '3.0.0' ],
25 silly audit   '@firebase/app-check-interop-types': [ '0.3.2' ],
25 silly audit   '@firebase/app-types': [ '0.9.2' ],
25 silly audit   '@firebase/auth-interop-types': [ '0.2.3' ],
25 silly audit   '@firebase/component': [ '0.6.8' ],
25 silly audit   '@firebase/database': [ '1.0.6' ],
25 silly audit   '@firebase/database-compat': [ '1.0.6' ],
25 silly audit   '@firebase/database-types': [ '1.0.4' ],
25 silly audit   '@firebase/logger': [ '0.4.2' ],
25 silly audit   '@firebase/util': [ '1.9.7' ],
25 silly audit   '@google-cloud/firestore': [ '7.9.0' ],
25 silly audit   '@google-cloud/paginator': [ '5.0.2' ],
25 silly audit   '@google-cloud/projectify': [ '4.0.0' ],
25 silly audit   '@google-cloud/promisify': [ '4.0.0' ],
25 silly audit   '@google-cloud/storage': [ '7.12.0' ],
25 silly audit   mime: [ '3.0.0', '1.6.0' ],
25 silly audit   uuid: [ '8.3.2', '9.0.1', '10.0.0' ],
25 silly audit   '@grpc/grpc-js': [ '1.11.1' ],
25 silly audit   '@grpc/proto-loader': [ '0.7.13' ],
25 silly audit   '@js-sdsl/ordered-map': [ '4.4.2' ],
25 silly audit   '@protobufjs/aspromise': [ '1.1.2' ],
25 silly audit   '@protobufjs/base64': [ '1.1.2' ],
25 silly audit   '@protobufjs/codegen': [ '2.0.4' ],
25 silly audit   '@protobufjs/eventemitter': [ '1.1.0' ],
25 silly audit   '@protobufjs/fetch': [ '1.1.0' ],
25 silly audit   '@protobufjs/float': [ '1.0.2' ],
25 silly audit   '@protobufjs/inquire': [ '1.1.0' ],
25 silly audit   '@protobufjs/path': [ '1.1.2' ],
25 silly audit   '@protobufjs/pool': [ '1.1.0' ],
25 silly audit   '@protobufjs/utf8': [ '1.1.0' ],
25 silly audit   '@tootallnate/once': [ '2.0.0' ],
25 silly audit   '@types/body-parser': [ '1.19.5' ],
25 silly audit   '@types/caseless': [ '0.12.5' ],
25 silly audit   '@types/connect': [ '3.4.38' ],
25 silly audit   '@types/express': [ '4.17.21' ],
25 silly audit   '@types/express-serve-static-core': [ '4.19.5' ],
25 silly audit   '@types/http-errors': [ '2.0.4' ],
25 silly audit   '@types/jsonwebtoken': [ '9.0.6' ],
25 silly audit   '@types/long': [ '4.0.2' ],
25 silly audit   '@types/mime': [ '1.3.5' ],
25 silly audit   '@types/node': [ '20.14.12' ],
25 silly audit   '@types/qs': [ '6.9.15' ],
25 silly audit   '@types/range-parser': [ '1.2.7' ],
25 silly audit   '@types/request': [ '2.48.12' ],
25 silly audit   '@types/send': [ '0.17.4' ],
25 silly audit   '@types/serve-static': [ '1.15.7' ],
25 silly audit   '@types/tough-cookie': [ '4.0.5' ],
25 silly audit   'abort-controller': [ '3.0.0' ],
25 silly audit   accepts: [ '1.3.8' ],
25 silly audit   'agent-base': [ '7.1.1', '6.0.2' ],
25 silly audit   debug: [ '4.3.5', '2.6.9' ],
25 silly audit   ms: [ '2.1.2', '2.1.3', '2.0.0' ],
25 silly audit   'ansi-align': [ '3.0.1' ],
25 silly audit   'ansi-regex': [ '5.0.1' ],
25 silly audit   'ansi-styles': [ '4.3.0' ],
25 silly audit   'array-flatten': [ '1.1.1' ],
25 silly audit   arrify: [ '2.0.1' ],
25 silly audit   'async-retry': [ '1.3.3' ],
25 silly audit   asynckit: [ '0.4.0' ],
25 silly audit   'base64-js': [ '1.5.1' ],
25 silly audit   'bignumber.js': [ '9.1.2' ],
25 silly audit   'body-parser': [ '1.20.2' ],
25 silly audit   boxen: [ '5.1.2' ],
25 silly audit   'btoa-lite': [ '1.0.0' ],
25 silly audit   'buffer-equal-constant-time': [ '1.0.1' ],
25 silly audit   bytes: [ '3.1.2' ],
25 silly audit   'call-bind': [ '1.0.7' ],
25 silly audit   camelcase: [ '6.3.0' ],
25 silly audit   chalk: [ '4.1.2' ],
25 silly audit   'cli-boxes': [ '2.2.1' ],
25 silly audit   cliui: [ '8.0.1' ],
25 silly audit   'color-convert': [ '2.0.1' ],
25 silly audit   'color-name': [ '1.1.4' ],
25 silly audit   'combined-stream': [ '1.0.8' ],
25 silly audit   'content-disposition': [ '0.5.4' ],
25 silly audit   'content-type': [ '1.0.5' ],
25 silly audit   cookie: [ '0.6.0' ],
25 silly audit   'cookie-signature': [ '1.0.6' ],
25 silly audit   cors: [ '2.8.5' ],
25 silly audit   'cross-fetch': [ '3.1.8' ],
25 silly audit   'define-data-property': [ '1.1.4' ],
25 silly audit   'delayed-stream': [ '1.0.0' ],
25 silly audit   depd: [ '2.0.0' ],
25 silly audit   destroy: [ '1.2.0' ],
25 silly audit   dotenv: [ '8.6.0' ],
25 silly audit   duplexify: [ '4.1.3' ],
25 silly audit   'ecdsa-sig-formatter': [ '1.0.11' ],
25 silly audit   'ee-first': [ '1.1.1' ],
25 silly audit   'emoji-regex': [ '8.0.0' ],
25 silly audit   encodeurl: [ '1.0.2' ],
25 silly audit   'end-of-stream': [ '1.4.4' ],
25 silly audit   'es-define-property': [ '1.0.0' ],
25 silly audit   'es-errors': [ '1.3.0' ],
25 silly audit   escalade: [ '3.1.2' ],
25 silly audit   'escape-html': [ '1.0.3' ],
25 silly audit   etag: [ '1.8.1' ],
25 silly audit   'event-target-shim': [ '5.0.1' ],
25 silly audit   extend: [ '3.0.2' ],
25 silly audit   'farmhash-modern': [ '1.1.0' ],
25 silly audit   'fast-deep-equal': [ '3.1.3' ],
25 silly audit   'fast-xml-parser': [ '4.4.0' ],
25 silly audit   faunadb: [ '4.8.0' ],
25 silly audit   'faye-websocket': [ '0.11.4' ],
25 silly audit   finalhandler: [ '1.2.0' ],
25 silly audit   'fn-annotate': [ '1.2.0' ],
25 silly audit   'form-data': [ '2.5.1' ],
25 silly audit   forwarded: [ '0.2.0' ],
25 silly audit   fresh: [ '0.5.2' ],
25 silly audit   'function-bind': [ '1.1.2' ],
25 silly audit   'functional-red-black-tree': [ '1.0.1' ],
25 silly audit   gaxios: [ '6.7.0' ],
25 silly audit   'gcp-metadata': [ '6.1.0' ],
25 silly audit   'get-caller-file': [ '2.0.5' ],
25 silly audit   'get-intrinsic': [ '1.2.4' ],
25 silly audit   'google-auth-library': [ '9.11.0' ],
25 silly audit   'google-gax': [ '4.3.8' ],
25 silly audit   gopd: [ '1.0.1' ],
25 silly audit   gtoken: [ '7.1.0' ],
25 silly audit   'has-flag': [ '4.0.0' ],
25 silly audit   'has-property-descriptors': [ '1.0.2' ],
25 silly audit   'has-proto': [ '1.0.3' ],
25 silly audit   'has-symbols': [ '1.0.3' ],
25 silly audit   hasown: [ '2.0.2' ],
25 silly audit   'html-entities': [ '2.5.2' ],
25 silly audit   'http-errors': [ '2.0.0' ],
25 silly audit   'http-parser-js': [ '0.5.8' ],
25 silly audit   'http-proxy-agent': [ '5.0.0' ],
25 silly audit   'https-proxy-agent': [ '7.0.5', '5.0.1' ],
25 silly audit   'iconv-lite': [ '0.4.24' ],
25 silly audit   inherits: [ '2.0.4' ],
25 silly audit   'ipaddr.js': [ '1.9.1' ],
25 silly audit   'is-fullwidth-code-point': [ '3.0.0' ],
25 silly audit   'is-stream': [ '2.0.1' ],
25 silly audit   jose: [ '4.15.9' ],
25 silly audit   'json-bigint': [ '1.0.0' ],
25 silly audit   jsonwebtoken: [ '9.0.2' ],
25 silly audit   jwa: [ '1.4.1', '2.0.0' ],
25 silly audit   jws: [ '3.2.2', '4.0.0' ],
25 silly audit   'jwks-rsa': [ '3.1.0' ],
25 silly audit   limiter: [ '1.1.5' ],
25 silly audit   'lodash.camelcase': [ '4.3.0' ],
25 silly audit   'lodash.clonedeep': [ '4.5.0' ],
25 silly audit   'lodash.includes': [ '4.3.0' ],
25 silly audit   'lodash.isboolean': [ '3.0.3' ],
25 silly audit   'lodash.isinteger': [ '4.0.4' ],
25 silly audit   'lodash.isnumber': [ '3.0.3' ],
25 silly audit   'lodash.isplainobject': [ '4.0.6' ],
25 silly audit   'lodash.isstring': [ '4.0.1' ],
25 silly audit   'lodash.once': [ '4.1.1' ],
25 silly audit   long: [ '5.2.3' ],
25 silly audit   'lru-cache': [ '6.0.0' ],
25 silly audit   'lru-memoizer': [ '2.3.0' ],
25 silly audit   'media-typer': [ '0.3.0' ],
25 silly audit   'merge-descriptors': [ '1.0.1' ],
25 silly audit   methods: [ '1.1.2' ],
25 silly audit   'mime-db': [ '1.52.0' ],
25 silly audit   'mime-types': [ '2.1.35' ],
25 silly audit   negotiator: [ '0.6.3' ],
25 silly audit   'node-abort-controller': [ '3.1.1' ],
25 silly audit   'node-fetch': [ '2.7.0' ],
25 silly audit   'node-forge': [ '1.3.1' ],
25 silly audit   'object-assign': [ '4.1.1' ],
25 silly audit   'object-hash': [ '3.0.0' ],
25 silly audit   'object-inspect': [ '1.13.2' ],
25 silly audit   'on-finished': [ '2.4.1' ],
25 silly audit   once: [ '1.4.0' ],
25 silly audit   'p-limit': [ '3.1.0' ],
25 silly audit   parseurl: [ '1.3.3' ],
25 silly audit   'path-to-regexp': [ '0.1.7' ],
25 silly audit   'proto3-json-serializer': [ '2.0.2' ],
25 silly audit   protobufjs: [ '7.3.2' ],
25 silly audit   'proxy-addr': [ '2.0.7' ],
25 silly audit   qs: [ '6.11.0' ],
25 silly audit   'range-parser': [ '1.2.1' ],
25 silly audit   'raw-body': [ '2.5.2' ],
25 silly audit   'readable-stream': [ '3.6.2' ],
25 silly audit   'require-directory': [ '2.1.1' ],
25 silly audit   retry: [ '0.13.1' ],
25 silly audit   'retry-request': [ '7.0.2' ],
25 silly audit   'safe-buffer': [ '5.2.1' ],
25 silly audit   'safer-buffer': [ '2.1.2' ],
25 silly audit   semver: [ '7.6.3' ],
25 silly audit   send: [ '0.18.0' ],
25 silly audit   'serve-static': [ '1.15.0' ],
25 silly audit   'set-function-length': [ '1.2.2' ],
25 silly audit   setprototypeof: [ '1.2.0' ],
25 silly audit   'side-channel': [ '1.0.6' ],
25 silly audit   statuses: [ '2.0.1' ],
25 silly audit   'stream-events': [ '1.0.5' ],
25 silly audit   'stream-shift': [ '1.0.3' ],
25 silly audit   string_decoder: [ '1.3.0' ],
25 silly audit   'string-width': [ '4.2.3' ],
25 silly audit   'strip-ansi': [ '6.0.1' ],
25 silly audit   strnum: [ '1.0.5' ],
25 silly audit   stubs: [ '3.0.0' ],
25 silly audit   'supports-color': [ '7.2.0' ],
25 silly audit   'teeny-request': [ '9.0.0' ],
25 silly audit   toidentifier: [ '1.0.1' ],
25 silly audit   tr46: [ '0.0.3' ],
25 silly audit   tslib: [ '2.6.3' ],
25 silly audit   'type-fest': [ '0.20.2' ],
25 silly audit   'type-is': [ '1.6.18' ],
25 silly audit   'undici-types': [ '5.26.5' ],
25 silly audit   unpipe: [ '1.0.0' ],
25 silly audit   'util-deprecate': [ '1.0.2' ],
25 silly audit   'utils-merge': [ '1.0.1' ],
25 silly audit   vary: [ '1.1.2' ],
25 silly audit   'webidl-conversions': [ '3.0.1' ],
25 silly audit   'websocket-driver': [ '0.7.4' ],
25 silly audit   'websocket-extensions': [ '0.1.4' ],
25 silly audit   'whatwg-url': [ '5.0.0' ],
25 silly audit   'widest-line': [ '3.1.0' ],
25 silly audit   'wrap-ansi': [ '7.0.0' ],
25 silly audit   wrappy: [ '1.0.2' ],
25 silly audit   y18n: [ '5.0.8' ],
25 silly audit   yallist: [ '4.0.0' ],
25 silly audit   yargs: [ '17.7.2' ],
25 silly audit   'yargs-parser': [ '21.1.1' ],
25 silly audit   'yocto-queue': [ '0.1.0' ],
25 silly audit   express: [ '4.19.2' ],
25 silly audit   'firebase-admin': [ '12.3.0' ]
25 silly audit }
26 http fetch POST 200 https://registry.npmjs.org/-/npm/v1/security/advisories/bulk 543ms
27 silly audit report {}
28 verbose cwd /data/data/com.termux/files/home
29 verbose os Linux 4.19.191-g35c8106c5598-dirty
30 verbose node v22.4.1
31 verbose npm  v10.8.1
32 verbose exit 0
33 info ok
